2014-09-07 13:15:18.6544 TRACE Sample trace message
2014-09-07 13:15:18.9344 DEBUG Sample debug message
2014-09-07 13:15:19.1494 INFO Sample informational message
2014-09-07 13:15:19.3964 WARN Sample warning message
2014-09-07 13:15:20.2985 ERROR Sample error message
2014-09-07 13:15:20.2985 FATAL Sample fatal error message
2014-09-07 13:15:20.2985 INFO Sample informational message
2014-09-07 13:16:46.8644 TRACE Sample trace message
2014-09-07 13:16:46.8754 DEBUG Sample debug message
2014-09-07 13:16:46.8754 INFO Sample informational message
2014-09-07 13:16:46.8754 WARN Sample warning message
2014-09-07 13:16:46.8754 ERROR Sample error message
2014-09-07 13:16:46.8754 FATAL Sample fatal error message
2014-09-07 13:16:46.8754 INFO Sample informational message
2014-09-07 15:41:11.3540 TRACE Sample trace message
2014-09-07 15:41:11.3960 DEBUG Sample debug message
2014-09-07 15:41:11.4070 INFO Sample informational message
2014-09-07 15:41:11.4070 WARN Sample warning message
2014-09-07 15:41:11.4330 ERROR Sample error message
2014-09-07 15:41:11.4440 FATAL Sample fatal error message
2014-09-07 15:41:11.4630 INFO Sample informational message
